Internal ctest changing into directory: C:/Temp/misis2023f-23-check/misis2024s-23-18-elisova-a-a/build.check
Test project C:/Temp/misis2023f-23-check/misis2024s-23-18-elisova-a-a/build.check
      Start  1: doctest_bitset
Could not find executable C:/Temp/misis2023f-23-check/misis2024s-23-18-elisova-a-a/bin.check/doctest_bitset.exe
Looked in the following places:
C:/Temp/misis2023f-23-check/misis2024s-23-18-elisova-a-a/bin.check/doctest_bitset.exe
C:/Temp/misis2023f-23-check/misis2024s-23-18-elisova-a-a/bin.check/doctest_bitset.exe.exe
C:/Temp/misis2023f-23-check/misis2024s-23-18-elisova-a-a/bin.check/Release/doctest_bitset.exe
C:/Temp/misis2023f-23-check/misis2024s-23-18-elisova-a-a/bin.check/Release/doctest_bitset.exe.exe
Release/C:/Temp/misis2023f-23-check/misis2024s-23-18-elisova-a-a/bin.check/doctest_bitset.exe
Release/C:/Temp/misis2023f-23-check/misis2024s-23-18-elisova-a-a/bin.check/doctest_bitset.exe.exe
 1/20 Test  #1: doctest_bitset ...................***Not Run   0.00 sec
      Start  2: doctest_bitset_m
      Start  3: doctest_complex
      Start  4: doctest_complex_io
      Start  5: doctest_complex_m
      Start  6: doctest_rational
      Start  7: doctest_rational_io
      Start  8: doctest_rational_m
      Start  9: doctest_dynarr
      Start 10: doctest_dynarr_m
      Start 11: doctest_queuearr
      Start 12: doctest_queuearr_m
      Start 13: doctest_queuelst
      Start 14: doctest_queuelst_m
      Start 15: doctest_queuelstpr
      Start 16: doctest_queuelstpr_m
 2/20 Test  #2: doctest_bitset_m .................   Passed    2.04 sec
      Start 17: doctest_stackarr
 3/20 Test  #3: doctest_complex ..................   Passed    1.74 sec
      Start 18: doctest_stackarr_m
 4/20 Test  #4: doctest_complex_io ...............   Passed    1.86 sec
      Start 19: doctest_stacklst
 5/20 Test  #5: doctest_complex_m ................   Passed    1.91 sec
      Start 20: doctest_stacklst_m
 6/20 Test  #6: doctest_rational .................   Passed    2.01 sec
 7/20 Test  #7: doctest_rational_io ..............   Passed    1.97 sec
 8/20 Test  #8: doctest_rational_m ...............   Passed    1.94 sec
 9/20 Test  #9: doctest_dynarr ...................   Passed    1.70 sec
10/20 Test #10: doctest_dynarr_m .................   Passed    1.65 sec
11/20 Test #11: doctest_queuearr .................   Passed    1.62 sec
12/20 Test #12: doctest_queuearr_m ...............   Passed    1.50 sec
13/20 Test #13: doctest_queuelst .................   Passed    1.46 sec
14/20 Test #14: doctest_queuelst_m ...............   Passed    1.38 sec
15/20 Test #15: doctest_queuelstpr ...............   Passed    1.18 sec
16/20 Test #16: doctest_queuelstpr_m .............   Passed    1.15 sec
17/20 Test #17: doctest_stackarr .................   Passed    0.75 sec
18/20 Test #18: doctest_stackarr_m ...............   Passed    0.72 sec
19/20 Test #19: doctest_stacklst .................   Passed    0.30 sec
20/20 Test #20: doctest_stacklst_m ...............   Passed    0.16 sec

95% tests passed, 1 tests failed out of 20

Total Test time (real) =   3.40 sec

The following tests FAILED:
	  1 - doctest_bitset (Not Run)
